{"meta": {"version": "6.5.0", "timestamp": "2022-11-28T23:33:49.065817", "branch_coverage": false, "show_contexts": false}, "files": {"src\\gear\\__init__.py": {"executed_lines": [1], "summary": {"covered_lines": 0, "num_statements": 0, "percent_covered": 100.0, "percent_covered_display": "100", "missing_lines": 0, "excluded_lines": 0}, "missing_lines": [], "excluded_lines": []}, "src\\gear\\iocontract\\__init__.py": {"executed_lines": [1], "summary": {"covered_lines": 1, "num_statements": 1, "percent_covered": 100.0, "percent_covered_display": "100", "missing_lines": 0, "excluded_lines": 0}, "missing_lines": [], "excluded_lines": []}, "src\\gear\\iocontract\\iocontract.py": {"executed_lines": [1, 16, 18, 19, 20, 21, 23, 26, 27, 33, 34, 36, 37, 39, 41, 42, 44, 45, 47, 48, 50, 54, 55, 62, 63, 64, 67, 68, 76, 77, 80, 81, 84, 85, 88, 89, 92, 93, 97, 98, 106, 107, 109, 110, 112, 113, 114, 115, 117, 118, 119, 120, 124, 127, 134, 135, 136, 138, 140, 143, 144, 146, 147, 149, 152, 153, 155, 156, 178, 179, 201, 202, 216, 217, 228, 229, 245, 249, 251, 255, 265, 266, 267, 268, 270, 272, 273, 280, 293, 296, 308, 320, 329, 341, 424, 476], "summary": {"covered_lines": 91, "num_statements": 175, "percent_covered": 52.0, "percent_covered_display": "52", "missing_lines": 84, "excluded_lines": 0}, "missing_lines": [51, 78, 82, 86, 90, 94, 122, 125, 137, 141, 150, 278, 281, 294, 306, 318, 327, 338, 339, 356, 357, 360, 361, 363, 364, 365, 370, 371, 372, 373, 375, 376, 378, 379, 380, 381, 382, 383, 384, 389, 390, 391, 392, 393, 394, 399, 402, 403, 404, 405, 408, 409, 410, 411, 412, 413, 416, 417, 420, 422, 439, 440, 443, 444, 449, 450, 451, 452, 453, 454, 455, 458, 459, 460, 465, 466, 470, 471, 472, 474, 489, 490, 491, 492], "excluded_lines": []}, "src\\gear\\iocontract\\utils.py": {"executed_lines": [1, 4, 7, 8], "summary": {"covered_lines": 3, "num_statements": 3, "percent_covered": 100.0, "percent_covered_display": "100", "missing_lines": 0, "excluded_lines": 0}, "missing_lines": [], "excluded_lines": []}, "src\\gear\\terms\\__init__.py": {"executed_lines": [1], "summary": {"covered_lines": 0, "num_statements": 0, "percent_covered": 100.0, "percent_covered_display": "100", "missing_lines": 0, "excluded_lines": 0}, "missing_lines": [], "excluded_lines": []}, "src\\gear\\terms\\polyhedra\\__init__.py": {"executed_lines": [1, 2], "summary": {"covered_lines": 2, "num_statements": 2, "percent_covered": 100.0, "percent_covered_display": "100", "missing_lines": 0, "excluded_lines": 0}, "missing_lines": [], "excluded_lines": []}, "src\\gear\\terms\\polyhedra\\loaders.py": {"executed_lines": [1, 3, 4, 5, 8, 18, 19, 20, 21, 22, 23, 24, 25, 26, 27, 33, 34, 35, 37, 40, 53, 54, 55, 56, 57, 59, 60, 61, 62, 66, 70, 71, 79, 80, 82], "summary": {"covered_lines": 35, "num_statements": 43, "percent_covered": 81.3953488372093, "percent_covered_display": "81", "missing_lines": 8, "excluded_lines": 0}, "missing_lines": [58, 72, 73, 74, 75, 76, 77, 78], "excluded_lines": []}, "src\\gear\\terms\\polyhedra\\polyhedra.py": {"executed_lines": [1, 6, 8, 10, 11, 12, 14, 15, 18, 19, 40, 41, 42, 43, 44, 45, 47, 48, 49, 51, 52, 53, 54, 55, 56, 58, 59, 60, 61, 62, 63, 65, 66, 68, 71, 72, 73, 74, 75, 76, 78, 79, 81, 82, 91, 92, 94, 105, 107, 114, 115, 117, 119, 139, 140, 144, 164, 165, 167, 169, 211, 219, 220, 222, 235, 236, 238, 256, 257, 258, 259, 260, 261, 265, 266, 287, 288, 289, 290, 291, 293, 294, 305, 306, 307, 308, 309, 310, 311, 313, 314, 315, 317, 318, 337, 338, 339, 340, 342, 343, 355, 356, 357, 358, 359, 361, 362, 382, 383, 384, 385, 386, 387, 388, 389, 390, 391, 396, 397, 404, 455, 456, 457, 458, 459, 460, 461, 462, 463, 464, 465, 466, 467, 469, 472, 473, 475, 499, 500, 501, 502, 503, 504, 509, 510, 518, 520, 544, 545, 546, 547, 548, 549, 554, 555, 564, 565, 566, 568, 582, 583, 584, 585, 586, 590, 591, 592, 593, 594, 595, 598, 599, 600, 602, 619, 620, 647, 648, 649, 650, 651, 652, 653, 655, 656, 657, 658, 659, 660, 662, 663, 664, 665, 667, 668, 669, 670, 672, 673, 690, 691, 693, 694, 695, 696, 698, 699, 700, 701, 702, 703, 704, 705, 707, 708, 723, 724, 726, 727, 728, 729, 730, 731, 732, 734, 735, 736, 737, 738, 739, 742, 743, 744, 745, 746, 747, 748, 749, 750, 751, 752, 753, 754, 755, 757, 758, 759, 760, 761, 762, 763, 765, 766, 767, 768, 769, 771, 772, 773, 775, 777, 778, 835, 836, 857, 858, 859, 860, 861, 862, 863, 864, 865, 866, 867, 869, 870, 871, 872, 873, 874, 875, 876, 878, 879, 883, 886, 887, 890, 891, 892, 894, 895, 896, 898, 899, 900, 901, 908, 914, 915, 918, 919, 920, 921, 922, 923, 925, 926, 927, 928, 929, 931, 932, 933, 934, 935, 936, 939, 940, 941, 942, 943, 945, 946, 947, 948, 950], "summary": {"covered_lines": 325, "num_statements": 438, "percent_covered": 74.20091324200914, "percent_covered_display": "74", "missing_lines": 113, "excluded_lines": 0}, "missing_lines": [69, 142, 201, 202, 203, 204, 205, 207, 208, 209, 263, 393, 405, 406, 407, 408, 409, 410, 411, 412, 413, 414, 415, 416, 420, 421, 422, 423, 424, 425, 426, 427, 428, 430, 435, 437, 438, 439, 441, 442, 443, 444, 445, 447, 449, 452, 453, 505, 506, 511, 512, 550, 551, 556, 557, 611, 612, 613, 614, 615, 616, 617, 740, 796, 797, 799, 800, 803, 804, 805, 806, 807, 809, 810, 811, 812, 813, 814, 815, 816, 817, 818, 820, 821, 823, 824, 825, 826, 828, 829, 831, 832, 833, 846, 847, 848, 849, 850, 851, 852, 853, 855, 880, 881, 882, 884, 902, 909, 910, 911, 912, 913, 924], "excluded_lines": []}, "src\\gear\\utils\\__init__.py": {"executed_lines": [1], "summary": {"covered_lines": 0, "num_statements": 0, "percent_covered": 100.0, "percent_covered_display": "100", "missing_lines": 0, "excluded_lines": 0}, "missing_lines": [], "excluded_lines": []}, "src\\gear\\utils\\lists.py": {"executed_lines": [1, 2, 5, 6, 9, 10, 12], "summary": {"covered_lines": 7, "num_statements": 8, "percent_covered": 87.5, "percent_covered_display": "88", "missing_lines": 1, "excluded_lines": 0}, "missing_lines": [13], "excluded_lines": []}, "tests\\test_iocontract.py": {"executed_lines": [1, 2, 4, 5, 7, 11, 12, 13, 19, 20, 23, 25, 26, 27, 28, 29, 32, 33], "summary": {"covered_lines": 18, "num_statements": 19, "percent_covered": 94.73684210526316, "percent_covered_display": "95", "missing_lines": 1, "excluded_lines": 0}, "missing_lines": [21], "excluded_lines": []}, "tests\\test_polyhedral_terms.py": {"executed_lines": [1, 2, 3, 5, 6, 9, 10, 11, 12, 13, 14, 15, 16, 18, 19, 29, 32, 33, 34, 37, 38, 40, 41, 42, 43, 44, 45, 48, 49, 51, 52, 53, 54, 55, 56, 59, 61, 62, 63, 64, 65, 66, 67, 68, 71, 73, 74, 75, 76, 77, 78, 79, 82, 84, 85, 86, 87, 88, 89, 90, 93, 95, 96, 97, 98, 99, 100, 101, 102, 105, 107, 108, 109, 110, 111, 112, 113, 114, 115, 131, 132, 133, 134, 135], "summary": {"covered_lines": 84, "num_statements": 93, "percent_covered": 90.3225806451613, "percent_covered_display": "90", "missing_lines": 9, "excluded_lines": 0}, "missing_lines": [17, 20, 21, 22, 23, 24, 25, 26, 28], "excluded_lines": []}, "tests\\test_py_loaders.py": {"executed_lines": [1, 2, 3, 4, 6, 10, 11, 12, 18, 19, 20, 22, 25, 27, 28, 30, 31, 32, 33, 34, 35, 37, 38, 39, 41, 42, 43, 44, 45, 46, 47], "summary": {"covered_lines": 31, "num_statements": 31, "percent_covered": 100.0, "percent_covered_display": "100", "missing_lines": 0, "excluded_lines": 0}, "missing_lines": [], "excluded_lines": []}}, "totals": {"covered_lines": 597, "num_statements": 813, "percent_covered": 73.43173431734317, "percent_covered_display": "73", "missing_lines": 216, "excluded_lines": 0}}